<?xml version="1.0" encoding="UTF-8"?>
<!-- Generated by org.testng.reporters.JUnitReportReporter -->
<testsuite hostname="LAPTOP-MCD2560Q" failures="0" tests="1" name="utilities.DataFromPropertiesAndExcel" time="0.877" errors="0" timestamp="2023-12-29T12:39:26 IST" skipped="0">
  <testcase classname="utilities.DataFromPropertiesAndExcel" name="accessAllAddress" time="0.877"/>
  <system-out/>
</testsuite> <!-- utilities.DataFromPropertiesAndExcel -->
