<?xml version="1.0" encoding="UTF-8"?>
<!-- Generated by org.testng.reporters.JUnitReportReporter -->
<testsuite hostname="LAPTOP-MCD2560Q" failures="0" tests="1" name="TestCases.AddToCartDemoTest" time="36.876" errors="0" timestamp="2024-01-13T12:16:59 IST" skipped="0">
  <testcase classname="TestCases.AddToCartDemoTest" name="Tc_AddToCart_001" time="36.876"/>
  <system-out/>
</testsuite> <!-- TestCases.AddToCartDemoTest -->
