<?xml version="1.0" encoding="UTF-8"?>
<!-- Generated by org.testng.reporters.JUnitReportReporter -->
<testsuite hostname="LAPTOP-MCD2560Q" failures="0" tests="4" name="TestCases.AddToCartTest" time="108.193" errors="0" timestamp="2024-01-07T17:09:44 IST" skipped="0">
  <testcase classname="TestCases.AddToCartTest" name="Tc_AddAddress_001_Test" time="29.116"/>
  <system-out/>
  <testcase classname="TestCases.AddToCartTest" name="Tc_AddAddress_001_Test" time="24.008"/>
  <system-out/>
  <testcase classname="TestCases.AddToCartTest" name="Tc_EndToEndCashOnDelivery_Test" time="27.376"/>
  <system-out/>
  <testcase classname="TestCases.AddToCartTest" name="Tc_EndToEndNetBanking_Test" time="27.693"/>
  <system-out/>
</testsuite> <!-- TestCases.AddToCartTest -->
